running egg_info
writing ../../build/sapien_robotics/sapien_robotics.egg-info/PKG-INFO
writing dependency_links to ../../build/sapien_robotics/sapien_robotics.egg-info/dependency_links.txt
writing entry points to ../../build/sapien_robotics/sapien_robotics.egg-info/entry_points.txt
writing requirements to ../../build/sapien_robotics/sapien_robotics.egg-info/requires.txt
writing top-level names to ../../build/sapien_robotics/sapien_robotics.egg-info/top_level.txt
reading manifest file '../../build/sapien_robotics/sapien_robotics.egg-info/SOURCES.txt'
writing manifest file '../../build/sapien_robotics/sapien_robotics.egg-info/SOURCES.txt'
running build
running build_py
copying sapien_robotics/navigate_turtlebot3.py -> /home/maninderjha/Videos/sapien_robotics/build/sapien_robotics/build/lib/sapien_robotics
running install
running install_lib
copying /home/maninderjha/Videos/sapien_robotics/build/sapien_robotics/build/lib/sapien_robotics/navigate_turtlebot3.py -> /home/maninderjha/Videos/sapien_robotics/install/sapien_robotics/lib/python3.10/site-packages/sapien_robotics
byte-compiling /home/maninderjha/Videos/sapien_robotics/install/sapien_robotics/lib/python3.10/site-packages/sapien_robotics/navigate_turtlebot3.py to navigate_turtlebot3.cpython-310.pyc
running install_data
running install_egg_info
removing '/home/maninderjha/Videos/sapien_robotics/install/sapien_robotics/lib/python3.10/site-packages/sapien_robotics-0.0.0-py3.10.egg-info' (and everything under it)
Copying ../../build/sapien_robotics/sapien_robotics.egg-info to /home/maninderjha/Videos/sapien_robotics/install/sapien_robotics/lib/python3.10/site-packages/sapien_robotics-0.0.0-py3.10.egg-info
running install_scripts
Installing navigate_turtlebot3 script to /home/maninderjha/Videos/sapien_robotics/install/sapien_robotics/lib/sapien_robotics
writing list of installed files to '/home/maninderjha/Videos/sapien_robotics/build/sapien_robotics/install.log'
