[0.686s] Invoking command in '/home/maninderjha/Videos/sapien_robotics/src/sapien_robotics': PYTHONPATH=/home/maninderjha/Videos/sapien_robotics/build/sapien_robotics/prefix_override:/usr/lib/python3/dist-packages/colcon_core/task/python/colcon_distutils_commands:/home/maninderjha/Videos/sapien_robotics/install/sapien_robotics/lib/python3.10/site-packages:${PYTHONPATH} /usr/bin/python3 -W ignore:setup.py install is deprecated -W ignore:easy_install command is deprecated setup.py egg_info --egg-base ../../build/sapien_robotics build --build-base /home/maninderjha/Videos/sapien_robotics/build/sapien_robotics/build install --record /home/maninderjha/Videos/sapien_robotics/build/sapien_robotics/install.log --single-version-externally-managed install_data
[0.956s] running egg_info
[0.956s] creating ../../build/sapien_robotics/sapien_robotics.egg-info
[0.958s] writing ../../build/sapien_robotics/sapien_robotics.egg-info/PKG-INFO
[0.958s] writing dependency_links to ../../build/sapien_robotics/sapien_robotics.egg-info/dependency_links.txt
[0.958s] writing entry points to ../../build/sapien_robotics/sapien_robotics.egg-info/entry_points.txt
[0.958s] writing requirements to ../../build/sapien_robotics/sapien_robotics.egg-info/requires.txt
[0.958s] writing top-level names to ../../build/sapien_robotics/sapien_robotics.egg-info/top_level.txt
[0.958s] writing manifest file '../../build/sapien_robotics/sapien_robotics.egg-info/SOURCES.txt'
[0.960s] reading manifest file '../../build/sapien_robotics/sapien_robotics.egg-info/SOURCES.txt'
[0.960s] writing manifest file '../../build/sapien_robotics/sapien_robotics.egg-info/SOURCES.txt'
[0.961s] running build
[0.961s] running build_py
[0.961s] creating /home/maninderjha/Videos/sapien_robotics/build/sapien_robotics/build
[0.961s] creating /home/maninderjha/Videos/sapien_robotics/build/sapien_robotics/build/lib
[0.961s] creating /home/maninderjha/Videos/sapien_robotics/build/sapien_robotics/build/lib/sapien_robotics
[0.961s] copying sapien_robotics/__init__.py -> /home/maninderjha/Videos/sapien_robotics/build/sapien_robotics/build/lib/sapien_robotics
[0.961s] copying sapien_robotics/navigate_turtlebot3.py -> /home/maninderjha/Videos/sapien_robotics/build/sapien_robotics/build/lib/sapien_robotics
[0.961s] running install
[0.962s] running install_lib
[0.962s] creating /home/maninderjha/Videos/sapien_robotics/install/sapien_robotics/lib/python3.10/site-packages/sapien_robotics
[0.963s] copying /home/maninderjha/Videos/sapien_robotics/build/sapien_robotics/build/lib/sapien_robotics/__init__.py -> /home/maninderjha/Videos/sapien_robotics/install/sapien_robotics/lib/python3.10/site-packages/sapien_robotics
[0.963s] copying /home/maninderjha/Videos/sapien_robotics/build/sapien_robotics/build/lib/sapien_robotics/navigate_turtlebot3.py -> /home/maninderjha/Videos/sapien_robotics/install/sapien_robotics/lib/python3.10/site-packages/sapien_robotics
[0.963s] byte-compiling /home/maninderjha/Videos/sapien_robotics/install/sapien_robotics/lib/python3.10/site-packages/sapien_robotics/__init__.py to __init__.cpython-310.pyc
[0.963s] byte-compiling /home/maninderjha/Videos/sapien_robotics/install/sapien_robotics/lib/python3.10/site-packages/sapien_robotics/navigate_turtlebot3.py to navigate_turtlebot3.cpython-310.pyc
[0.964s] running install_data
[0.964s] creating /home/maninderjha/Videos/sapien_robotics/install/sapien_robotics/share/ament_index
[0.964s] creating /home/maninderjha/Videos/sapien_robotics/install/sapien_robotics/share/ament_index/resource_index
[0.964s] creating /home/maninderjha/Videos/sapien_robotics/install/sapien_robotics/share/ament_index/resource_index/packages
[0.964s] copying resource/sapien_robotics -> /home/maninderjha/Videos/sapien_robotics/install/sapien_robotics/share/ament_index/resource_index/packages
[0.965s] copying package.xml -> /home/maninderjha/Videos/sapien_robotics/install/sapien_robotics/share/sapien_robotics
[0.965s] running install_egg_info
[0.967s] Copying ../../build/sapien_robotics/sapien_robotics.egg-info to /home/maninderjha/Videos/sapien_robotics/install/sapien_robotics/lib/python3.10/site-packages/sapien_robotics-0.0.0-py3.10.egg-info
[0.968s] running install_scripts
[0.992s] Installing navigate_turtlebot3 script to /home/maninderjha/Videos/sapien_robotics/install/sapien_robotics/lib/sapien_robotics
[0.992s] writing list of installed files to '/home/maninderjha/Videos/sapien_robotics/build/sapien_robotics/install.log'
[1.045s] Invoked command in '/home/maninderjha/Videos/sapien_robotics/src/sapien_robotics' returned '0': PYTHONPATH=/home/maninderjha/Videos/sapien_robotics/build/sapien_robotics/prefix_override:/usr/lib/python3/dist-packages/colcon_core/task/python/colcon_distutils_commands:/home/maninderjha/Videos/sapien_robotics/install/sapien_robotics/lib/python3.10/site-packages:${PYTHONPATH} /usr/bin/python3 -W ignore:setup.py install is deprecated -W ignore:easy_install command is deprecated setup.py egg_info --egg-base ../../build/sapien_robotics build --build-base /home/maninderjha/Videos/sapien_robotics/build/sapien_robotics/build install --record /home/maninderjha/Videos/sapien_robotics/build/sapien_robotics/install.log --single-version-externally-managed install_data
