[0.849s] Invoking command in '/home/maninderjha/Videos/sapien_robotics/src/sapien_robotics': PYTHONPATH=/home/maninderjha/Videos/sapien_robotics/build/sapien_robotics/prefix_override:/usr/lib/python3/dist-packages/colcon_core/task/python/colcon_distutils_commands:/home/maninderjha/Videos/sapien_robotics/install/sapien_robotics/lib/python3.10/site-packages:${PYTHONPATH} /usr/bin/python3 -W ignore:setup.py install is deprecated -W ignore:easy_install command is deprecated setup.py egg_info --egg-base ../../build/sapien_robotics build --build-base /home/maninderjha/Videos/sapien_robotics/build/sapien_robotics/build install --record /home/maninderjha/Videos/sapien_robotics/build/sapien_robotics/install.log --single-version-externally-managed install_data
[1.100s] running egg_info
[1.101s] writing ../../build/sapien_robotics/sapien_robotics.egg-info/PKG-INFO
[1.102s] writing dependency_links to ../../build/sapien_robotics/sapien_robotics.egg-info/dependency_links.txt
[1.103s] writing entry points to ../../build/sapien_robotics/sapien_robotics.egg-info/entry_points.txt
[1.103s] writing requirements to ../../build/sapien_robotics/sapien_robotics.egg-info/requires.txt
[1.103s] writing top-level names to ../../build/sapien_robotics/sapien_robotics.egg-info/top_level.txt
[1.105s] reading manifest file '../../build/sapien_robotics/sapien_robotics.egg-info/SOURCES.txt'
[1.106s] writing manifest file '../../build/sapien_robotics/sapien_robotics.egg-info/SOURCES.txt'
[1.106s] running build
[1.106s] running build_py
[1.107s] copying sapien_robotics/navigate_turtlebot3.py -> /home/maninderjha/Videos/sapien_robotics/build/sapien_robotics/build/lib/sapien_robotics
[1.107s] running install
[1.107s] running install_lib
[1.109s] copying /home/maninderjha/Videos/sapien_robotics/build/sapien_robotics/build/lib/sapien_robotics/navigate_turtlebot3.py -> /home/maninderjha/Videos/sapien_robotics/install/sapien_robotics/lib/python3.10/site-packages/sapien_robotics
[1.109s] byte-compiling /home/maninderjha/Videos/sapien_robotics/install/sapien_robotics/lib/python3.10/site-packages/sapien_robotics/navigate_turtlebot3.py to navigate_turtlebot3.cpython-310.pyc
[1.110s] running install_data
[1.110s] running install_egg_info
[1.113s] removing '/home/maninderjha/Videos/sapien_robotics/install/sapien_robotics/lib/python3.10/site-packages/sapien_robotics-0.0.0-py3.10.egg-info' (and everything under it)
[1.113s] Copying ../../build/sapien_robotics/sapien_robotics.egg-info to /home/maninderjha/Videos/sapien_robotics/install/sapien_robotics/lib/python3.10/site-packages/sapien_robotics-0.0.0-py3.10.egg-info
[1.115s] running install_scripts
[1.138s] Installing navigate_turtlebot3 script to /home/maninderjha/Videos/sapien_robotics/install/sapien_robotics/lib/sapien_robotics
[1.138s] writing list of installed files to '/home/maninderjha/Videos/sapien_robotics/build/sapien_robotics/install.log'
[1.178s] Invoked command in '/home/maninderjha/Videos/sapien_robotics/src/sapien_robotics' returned '0': PYTHONPATH=/home/maninderjha/Videos/sapien_robotics/build/sapien_robotics/prefix_override:/usr/lib/python3/dist-packages/colcon_core/task/python/colcon_distutils_commands:/home/maninderjha/Videos/sapien_robotics/install/sapien_robotics/lib/python3.10/site-packages:${PYTHONPATH} /usr/bin/python3 -W ignore:setup.py install is deprecated -W ignore:easy_install command is deprecated setup.py egg_info --egg-base ../../build/sapien_robotics build --build-base /home/maninderjha/Videos/sapien_robotics/build/sapien_robotics/build install --record /home/maninderjha/Videos/sapien_robotics/build/sapien_robotics/install.log --single-version-externally-managed install_data
