[0.384s] Invoking command in '/home/maninderjha/Videos/sapien_robotics/build/turtlebot_bringup': CMAKE_PREFIX_PATH=${CMAKE_PREFIX_PATH}:/home/maninderjha/Videos/sapien_robotics/install/sapien_robotics:/home/maninderjha/Videos/Ros2_Nav_SLAM/install/wormhole_implementation:/opt/ros/humble /usr/bin/cmake --build /home/maninderjha/Videos/sapien_robotics/build/turtlebot_bringup -- -j12 -l12
[0.466s] Invoked command in '/home/maninderjha/Videos/sapien_robotics/build/turtlebot_bringup' returned '0': CMAKE_PREFIX_PATH=${CMAKE_PREFIX_PATH}:/home/maninderjha/Videos/sapien_robotics/install/sapien_robotics:/home/maninderjha/Videos/Ros2_Nav_SLAM/install/wormhole_implementation:/opt/ros/humble /usr/bin/cmake --build /home/maninderjha/Videos/sapien_robotics/build/turtlebot_bringup -- -j12 -l12
[0.484s] Invoking command in '/home/maninderjha/Videos/sapien_robotics/build/turtlebot_bringup': CMAKE_PREFIX_PATH=${CMAKE_PREFIX_PATH}:/home/maninderjha/Videos/sapien_robotics/install/sapien_robotics:/home/maninderjha/Videos/Ros2_Nav_SLAM/install/wormhole_implementation:/opt/ros/humble /usr/bin/cmake --install /home/maninderjha/Videos/sapien_robotics/build/turtlebot_bringup
[0.495s] -- Install configuration: ""
[0.495s] -- Up-to-date: /home/maninderjha/Videos/sapien_robotics/install/turtlebot_bringup/share/turtlebot_bringup/launch
[0.496s] -- Up-to-date: /home/maninderjha/Videos/sapien_robotics/install/turtlebot_bringup/share/turtlebot_bringup/launch/turtlebot3_bringup.launch.xml
[0.496s] -- Up-to-date: /home/maninderjha/Videos/sapien_robotics/install/turtlebot_bringup/share/turtlebot_bringup/maps
[0.496s] -- Up-to-date: /home/maninderjha/Videos/sapien_robotics/install/turtlebot_bringup/share/turtlebot_bringup/maps/my_map.pgm
[0.496s] -- Up-to-date: /home/maninderjha/Videos/sapien_robotics/install/turtlebot_bringup/share/turtlebot_bringup/maps/my_map.yaml
[0.496s] -- Up-to-date: /home/maninderjha/Videos/sapien_robotics/install/turtlebot_bringup/share/turtlebot_bringup/obstacles
[0.496s] -- Up-to-date: /home/maninderjha/Videos/sapien_robotics/install/turtlebot_bringup/share/turtlebot_bringup/obstacles/model.sdf
[0.496s] -- Up-to-date: /home/maninderjha/Videos/sapien_robotics/install/turtlebot_bringup/share/ament_index/resource_index/package_run_dependencies/turtlebot_bringup
[0.496s] -- Up-to-date: /home/maninderjha/Videos/sapien_robotics/install/turtlebot_bringup/share/ament_index/resource_index/parent_prefix_path/turtlebot_bringup
[0.497s] -- Up-to-date: /home/maninderjha/Videos/sapien_robotics/install/turtlebot_bringup/share/turtlebot_bringup/environment/ament_prefix_path.sh
[0.497s] -- Up-to-date: /home/maninderjha/Videos/sapien_robotics/install/turtlebot_bringup/share/turtlebot_bringup/environment/ament_prefix_path.dsv
[0.497s] -- Up-to-date: /home/maninderjha/Videos/sapien_robotics/install/turtlebot_bringup/share/turtlebot_bringup/environment/path.sh
[0.497s] -- Up-to-date: /home/maninderjha/Videos/sapien_robotics/install/turtlebot_bringup/share/turtlebot_bringup/environment/path.dsv
[0.497s] -- Up-to-date: /home/maninderjha/Videos/sapien_robotics/install/turtlebot_bringup/share/turtlebot_bringup/local_setup.bash
[0.497s] -- Up-to-date: /home/maninderjha/Videos/sapien_robotics/install/turtlebot_bringup/share/turtlebot_bringup/local_setup.sh
[0.497s] -- Up-to-date: /home/maninderjha/Videos/sapien_robotics/install/turtlebot_bringup/share/turtlebot_bringup/local_setup.zsh
[0.497s] -- Up-to-date: /home/maninderjha/Videos/sapien_robotics/install/turtlebot_bringup/share/turtlebot_bringup/local_setup.dsv
[0.498s] -- Up-to-date: /home/maninderjha/Videos/sapien_robotics/install/turtlebot_bringup/share/turtlebot_bringup/package.dsv
[0.498s] -- Up-to-date: /home/maninderjha/Videos/sapien_robotics/install/turtlebot_bringup/share/ament_index/resource_index/packages/turtlebot_bringup
[0.498s] -- Up-to-date: /home/maninderjha/Videos/sapien_robotics/install/turtlebot_bringup/share/turtlebot_bringup/cmake/turtlebot_bringupConfig.cmake
[0.498s] -- Up-to-date: /home/maninderjha/Videos/sapien_robotics/install/turtlebot_bringup/share/turtlebot_bringup/cmake/turtlebot_bringupConfig-version.cmake
[0.498s] -- Up-to-date: /home/maninderjha/Videos/sapien_robotics/install/turtlebot_bringup/share/turtlebot_bringup/package.xml
[0.503s] Invoked command in '/home/maninderjha/Videos/sapien_robotics/build/turtlebot_bringup' returned '0': CMAKE_PREFIX_PATH=${CMAKE_PREFIX_PATH}:/home/maninderjha/Videos/sapien_robotics/install/sapien_robotics:/home/maninderjha/Videos/Ros2_Nav_SLAM/install/wormhole_implementation:/opt/ros/humble /usr/bin/cmake --install /home/maninderjha/Videos/sapien_robotics/build/turtlebot_bringup
