-- Install configuration: ""
-- Up-to-date: /home/maninderjha/Videos/sapien_robotics/install/turtlebot_bringup/share/turtlebot_bringup/launch
-- Up-to-date: /home/maninderjha/Videos/sapien_robotics/install/turtlebot_bringup/share/turtlebot_bringup/launch/turtlebot3_bringup.launch.xml
-- Up-to-date: /home/maninderjha/Videos/sapien_robotics/install/turtlebot_bringup/share/turtlebot_bringup/maps
-- Up-to-date: /home/maninderjha/Videos/sapien_robotics/install/turtlebot_bringup/share/turtlebot_bringup/maps/my_map.pgm
-- Up-to-date: /home/maninderjha/Videos/sapien_robotics/install/turtlebot_bringup/share/turtlebot_bringup/maps/my_map.yaml
-- Up-to-date: /home/maninderjha/Videos/sapien_robotics/install/turtlebot_bringup/share/turtlebot_bringup/obstacles
-- Up-to-date: /home/maninderjha/Videos/sapien_robotics/install/turtlebot_bringup/share/turtlebot_bringup/obstacles/model.sdf
-- Up-to-date: /home/maninderjha/Videos/sapien_robotics/install/turtlebot_bringup/share/ament_index/resource_index/package_run_dependencies/turtlebot_bringup
-- Up-to-date: /home/maninderjha/Videos/sapien_robotics/install/turtlebot_bringup/share/ament_index/resource_index/parent_prefix_path/turtlebot_bringup
-- Up-to-date: /home/maninderjha/Videos/sapien_robotics/install/turtlebot_bringup/share/turtlebot_bringup/environment/ament_prefix_path.sh
-- Up-to-date: /home/maninderjha/Videos/sapien_robotics/install/turtlebot_bringup/share/turtlebot_bringup/environment/ament_prefix_path.dsv
-- Up-to-date: /home/maninderjha/Videos/sapien_robotics/install/turtlebot_bringup/share/turtlebot_bringup/environment/path.sh
-- Up-to-date: /home/maninderjha/Videos/sapien_robotics/install/turtlebot_bringup/share/turtlebot_bringup/environment/path.dsv
-- Up-to-date: /home/maninderjha/Videos/sapien_robotics/install/turtlebot_bringup/share/turtlebot_bringup/local_setup.bash
-- Up-to-date: /home/maninderjha/Videos/sapien_robotics/install/turtlebot_bringup/share/turtlebot_bringup/local_setup.sh
-- Up-to-date: /home/maninderjha/Videos/sapien_robotics/install/turtlebot_bringup/share/turtlebot_bringup/local_setup.zsh
-- Up-to-date: /home/maninderjha/Videos/sapien_robotics/install/turtlebot_bringup/share/turtlebot_bringup/local_setup.dsv
-- Installing: /home/maninderjha/Videos/sapien_robotics/install/turtlebot_bringup/share/turtlebot_bringup/package.dsv
-- Up-to-date: /home/maninderjha/Videos/sapien_robotics/install/turtlebot_bringup/share/ament_index/resource_index/packages/turtlebot_bringup
-- Up-to-date: /home/maninderjha/Videos/sapien_robotics/install/turtlebot_bringup/share/turtlebot_bringup/cmake/turtlebot_bringupConfig.cmake
-- Up-to-date: /home/maninderjha/Videos/sapien_robotics/install/turtlebot_bringup/share/turtlebot_bringup/cmake/turtlebot_bringupConfig-version.cmake
-- Up-to-date: /home/maninderjha/Videos/sapien_robotics/install/turtlebot_bringup/share/turtlebot_bringup/package.xml
