[0.278s] Invoking command in '/home/maninderjha/Videos/sapien_robotics/build/turtlebot_bringup': CMAKE_PREFIX_PATH=${CMAKE_PREFIX_PATH}:/home/maninderjha/Videos/Ros2_Nav_SLAM/install/wormhole_implementation:/opt/ros/humble /usr/bin/cmake /home/maninderjha/Videos/sapien_robotics/src/turtlebot_bringup -DCMAKE_INSTALL_PREFIX=/home/maninderjha/Videos/sapien_robotics/install/turtlebot_bringup
[0.346s] -- The C compiler identification is GNU 11.4.0
[0.417s] -- The CXX compiler identification is GNU 11.4.0
[0.425s] -- Detecting C compiler ABI info
[0.517s] -- Detecting C compiler ABI info - done
[0.525s] -- Check for working C compiler: /usr/bin/cc - skipped
[0.525s] -- Detecting C compile features
[0.525s] -- Detecting C compile features - done
[0.528s] -- Detecting CXX compiler ABI info
[0.630s] -- Detecting CXX compiler ABI info - done
[0.637s] -- Check for working CXX compiler: /usr/bin/c++ - skipped
[0.638s] -- Detecting CXX compile features
[0.638s] -- Detecting CXX compile features - done
[0.643s] -- Found ament_cmake: 1.3.12 (/opt/ros/humble/share/ament_cmake/cmake)
[0.814s] -- Found Python3: /usr/bin/python3 (found version "3.10.12") found components: Interpreter 
[1.006s] -- Configuring done
[1.009s] -- Generating done
[1.011s] -- Build files have been written to: /home/maninderjha/Videos/sapien_robotics/build/turtlebot_bringup
[1.018s] Invoked command in '/home/maninderjha/Videos/sapien_robotics/build/turtlebot_bringup' returned '0': CMAKE_PREFIX_PATH=${CMAKE_PREFIX_PATH}:/home/maninderjha/Videos/Ros2_Nav_SLAM/install/wormhole_implementation:/opt/ros/humble /usr/bin/cmake /home/maninderjha/Videos/sapien_robotics/src/turtlebot_bringup -DCMAKE_INSTALL_PREFIX=/home/maninderjha/Videos/sapien_robotics/install/turtlebot_bringup
[1.020s] Invoking command in '/home/maninderjha/Videos/sapien_robotics/build/turtlebot_bringup': CMAKE_PREFIX_PATH=${CMAKE_PREFIX_PATH}:/home/maninderjha/Videos/Ros2_Nav_SLAM/install/wormhole_implementation:/opt/ros/humble /usr/bin/cmake --build /home/maninderjha/Videos/sapien_robotics/build/turtlebot_bringup -- -j12 -l12
[1.071s] Invoked command in '/home/maninderjha/Videos/sapien_robotics/build/turtlebot_bringup' returned '0': CMAKE_PREFIX_PATH=${CMAKE_PREFIX_PATH}:/home/maninderjha/Videos/Ros2_Nav_SLAM/install/wormhole_implementation:/opt/ros/humble /usr/bin/cmake --build /home/maninderjha/Videos/sapien_robotics/build/turtlebot_bringup -- -j12 -l12
[1.085s] Invoking command in '/home/maninderjha/Videos/sapien_robotics/build/turtlebot_bringup': CMAKE_PREFIX_PATH=${CMAKE_PREFIX_PATH}:/home/maninderjha/Videos/Ros2_Nav_SLAM/install/wormhole_implementation:/opt/ros/humble /usr/bin/cmake --install /home/maninderjha/Videos/sapien_robotics/build/turtlebot_bringup
[1.094s] -- Install configuration: ""
[1.094s] -- Installing: /home/maninderjha/Videos/sapien_robotics/install/turtlebot_bringup/share/turtlebot_bringup/launch
[1.094s] -- Installing: /home/maninderjha/Videos/sapien_robotics/install/turtlebot_bringup/share/turtlebot_bringup/launch/turtlebot3_bringup.launch.xml
[1.094s] -- Installing: /home/maninderjha/Videos/sapien_robotics/install/turtlebot_bringup/share/turtlebot_bringup/maps
[1.094s] -- Installing: /home/maninderjha/Videos/sapien_robotics/install/turtlebot_bringup/share/turtlebot_bringup/maps/my_map.pgm
[1.094s] -- Installing: /home/maninderjha/Videos/sapien_robotics/install/turtlebot_bringup/share/turtlebot_bringup/maps/my_map.yaml
[1.095s] -- Installing: /home/maninderjha/Videos/sapien_robotics/install/turtlebot_bringup/share/turtlebot_bringup/obstacles
[1.095s] -- Installing: /home/maninderjha/Videos/sapien_robotics/install/turtlebot_bringup/share/turtlebot_bringup/obstacles/model.sdf
[1.095s] -- Installing: /home/maninderjha/Videos/sapien_robotics/install/turtlebot_bringup/share/ament_index/resource_index/package_run_dependencies/turtlebot_bringup
[1.095s] -- Installing: /home/maninderjha/Videos/sapien_robotics/install/turtlebot_bringup/share/ament_index/resource_index/parent_prefix_path/turtlebot_bringup
[1.095s] -- Installing: /home/maninderjha/Videos/sapien_robotics/install/turtlebot_bringup/share/turtlebot_bringup/environment/ament_prefix_path.sh
[1.095s] -- Installing: /home/maninderjha/Videos/sapien_robotics/install/turtlebot_bringup/share/turtlebot_bringup/environment/ament_prefix_path.dsv
[1.096s] -- Installing: /home/maninderjha/Videos/sapien_robotics/install/turtlebot_bringup/share/turtlebot_bringup/environment/path.sh
[1.096s] -- Installing: /home/maninderjha/Videos/sapien_robotics/install/turtlebot_bringup/share/turtlebot_bringup/environment/path.dsv
[1.096s] -- Installing: /home/maninderjha/Videos/sapien_robotics/install/turtlebot_bringup/share/turtlebot_bringup/local_setup.bash
[1.096s] -- Installing: /home/maninderjha/Videos/sapien_robotics/install/turtlebot_bringup/share/turtlebot_bringup/local_setup.sh
[1.096s] -- Installing: /home/maninderjha/Videos/sapien_robotics/install/turtlebot_bringup/share/turtlebot_bringup/local_setup.zsh
[1.096s] -- Installing: /home/maninderjha/Videos/sapien_robotics/install/turtlebot_bringup/share/turtlebot_bringup/local_setup.dsv
[1.097s] -- Installing: /home/maninderjha/Videos/sapien_robotics/install/turtlebot_bringup/share/turtlebot_bringup/package.dsv
[1.097s] -- Installing: /home/maninderjha/Videos/sapien_robotics/install/turtlebot_bringup/share/ament_index/resource_index/packages/turtlebot_bringup
[1.097s] -- Installing: /home/maninderjha/Videos/sapien_robotics/install/turtlebot_bringup/share/turtlebot_bringup/cmake/turtlebot_bringupConfig.cmake
[1.097s] -- Installing: /home/maninderjha/Videos/sapien_robotics/install/turtlebot_bringup/share/turtlebot_bringup/cmake/turtlebot_bringupConfig-version.cmake
[1.097s] -- Installing: /home/maninderjha/Videos/sapien_robotics/install/turtlebot_bringup/share/turtlebot_bringup/package.xml
[1.100s] Invoked command in '/home/maninderjha/Videos/sapien_robotics/build/turtlebot_bringup' returned '0': CMAKE_PREFIX_PATH=${CMAKE_PREFIX_PATH}:/home/maninderjha/Videos/Ros2_Nav_SLAM/install/wormhole_implementation:/opt/ros/humble /usr/bin/cmake --install /home/maninderjha/Videos/sapien_robotics/build/turtlebot_bringup
