[0.140s] DEBUG:colcon:Command line arguments: ['/usr/bin/colcon', 'build']
[0.140s] DEBUG:colcon:Parsed command line arguments: Namespace(log_base=None, log_level=None, verb_name='build', build_base='build', install_base='install', merge_install=False, symlink_install=False, test_result_base=None, continue_on_error=False, executor='parallel', parallel_workers=12, event_handlers=None, ignore_user_meta=False, metas=['./colcon.meta'], base_paths=['.'], packages_ignore=None, packages_ignore_regex=None, paths=None, packages_up_to=None, packages_up_to_regex=None, packages_above=None, packages_above_and_dependencies=None, packages_above_depth=None, packages_select_by_dep=None, packages_skip_by_dep=None, packages_skip_up_to=None, packages_select_build_failed=False, packages_skip_build_finished=False, packages_select_test_failures=False, packages_skip_test_passed=False, packages_select=None, packages_skip=None, packages_select_regex=None, packages_skip_regex=None, packages_start=None, packages_end=None, allow_overriding=[], cmake_args=None, cmake_target=None, cmake_target_skip_unavailable=False, cmake_clean_cache=False, cmake_clean_first=False, cmake_force_configure=False, ament_cmake_args=None, catkin_cmake_args=None, catkin_skip_building_tests=False, mixin_files=None, mixin=None, verb_parser=<colcon_mixin.mixin.mixin_argument.MixinArgumentDecorator object at 0x714353907f70>, verb_extension=<colcon_core.verb.build.BuildVerb object at 0x714353907550>, main=<bound method BuildVerb.main of <colcon_core.verb.build.BuildVerb object at 0x714353907550>>, mixin_verb=('build',))
[0.403s] Level 1:colcon.colcon_core.package_discovery:discover_packages(colcon_meta) check parameters
[0.403s] Level 1:colcon.colcon_core.package_discovery:discover_packages(recursive) check parameters
[0.403s] Level 1:colcon.colcon_core.package_discovery:discover_packages(ignore) check parameters
[0.403s] Level 1:colcon.colcon_core.package_discovery:discover_packages(path) check parameters
[0.403s] Level 1:colcon.colcon_core.package_discovery:discover_packages(colcon_meta) discover
[0.404s] Level 1:colcon.colcon_core.package_discovery:discover_packages(recursive) discover
[0.404s] INFO:colcon.colcon_core.package_discovery:Crawling recursively for packages in '/home/maninderjha/Videos/sapien_robotics'
[0.404s] Level 1:colcon.colcon_core.package_identification:_identify(.) by extensions ['ignore', 'ignore_ament_install']
[0.404s] Level 1:colcon.colcon_core.package_identification:_identify(.) by extension 'ignore'
[0.404s] Level 1:colcon.colcon_core.package_identification:_identify(.) by extension 'ignore_ament_install'
[0.404s] Level 1:colcon.colcon_core.package_identification:_identify(.) by extensions ['colcon_pkg']
[0.404s] Level 1:colcon.colcon_core.package_identification:_identify(.) by extension 'colcon_pkg'
[0.404s] Level 1:colcon.colcon_core.package_identification:_identify(.) by extensions ['colcon_meta']
[0.404s] Level 1:colcon.colcon_core.package_identification:_identify(.) by extension 'colcon_meta'
[0.404s] Level 1:colcon.colcon_core.package_identification:_identify(.) by extensions ['ros']
[0.404s] Level 1:colcon.colcon_core.package_identification:_identify(.) by extension 'ros'
[0.429s] Level 1:colcon.colcon_core.package_identification:_identify(.) by extensions ['cmake', 'python']
[0.429s] Level 1:colcon.colcon_core.package_identification:_identify(.) by extension 'cmake'
[0.429s] Level 1:colcon.colcon_core.package_identification:_identify(.) by extension 'python'
[0.429s] Level 1:colcon.colcon_core.package_identification:_identify(.) by extensions ['python_setup_py']
[0.429s] Level 1:colcon.colcon_core.package_identification:_identify(.) by extension 'python_setup_py'
[0.429s] Level 1:colcon.colcon_core.package_identification:_identify(build) by extensions ['ignore', 'ignore_ament_install']
[0.430s] Level 1:colcon.colcon_core.package_identification:_identify(build) by extension 'ignore'
[0.430s] Level 1:colcon.colcon_core.package_identification:_identify(build) ignored
[0.430s] Level 1:colcon.colcon_core.package_identification:_identify(install) by extensions ['ignore', 'ignore_ament_install']
[0.430s] Level 1:colcon.colcon_core.package_identification:_identify(install) by extension 'ignore'
[0.430s] Level 1:colcon.colcon_core.package_identification:_identify(install) ignored
[0.430s] Level 1:colcon.colcon_core.package_identification:_identify(log) by extensions ['ignore', 'ignore_ament_install']
[0.430s] Level 1:colcon.colcon_core.package_identification:_identify(log) by extension 'ignore'
[0.430s] Level 1:colcon.colcon_core.package_identification:_identify(log) ignored
[0.430s] Level 1:colcon.colcon_core.package_identification:_identify(src) by extensions ['ignore', 'ignore_ament_install']
[0.430s] Level 1:colcon.colcon_core.package_identification:_identify(src) by extension 'ignore'
[0.430s] Level 1:colcon.colcon_core.package_identification:_identify(src) by extension 'ignore_ament_install'
[0.430s] Level 1:colcon.colcon_core.package_identification:_identify(src) by extensions ['colcon_pkg']
[0.430s] Level 1:colcon.colcon_core.package_identification:_identify(src) by extension 'colcon_pkg'
[0.430s] Level 1:colcon.colcon_core.package_identification:_identify(src) by extensions ['colcon_meta']
[0.430s] Level 1:colcon.colcon_core.package_identification:_identify(src) by extension 'colcon_meta'
[0.430s] Level 1:colcon.colcon_core.package_identification:_identify(src) by extensions ['ros']
[0.430s] Level 1:colcon.colcon_core.package_identification:_identify(src) by extension 'ros'
[0.430s] Level 1:colcon.colcon_core.package_identification:_identify(src) by extensions ['cmake', 'python']
[0.430s] Level 1:colcon.colcon_core.package_identification:_identify(src) by extension 'cmake'
[0.430s] Level 1:colcon.colcon_core.package_identification:_identify(src) by extension 'python'
[0.431s] Level 1:colcon.colcon_core.package_identification:_identify(src) by extensions ['python_setup_py']
[0.431s] Level 1:colcon.colcon_core.package_identification:_identify(src) by extension 'python_setup_py'
[0.431s] Level 1:colcon.colcon_core.package_identification:_identify(src/sapien_robotics) by extensions ['ignore', 'ignore_ament_install']
[0.431s] Level 1:colcon.colcon_core.package_identification:_identify(src/sapien_robotics) by extension 'ignore'
[0.431s] Level 1:colcon.colcon_core.package_identification:_identify(src/sapien_robotics) by extension 'ignore_ament_install'
[0.431s] Level 1:colcon.colcon_core.package_identification:_identify(src/sapien_robotics) by extensions ['colcon_pkg']
[0.431s] Level 1:colcon.colcon_core.package_identification:_identify(src/sapien_robotics) by extension 'colcon_pkg'
[0.431s] Level 1:colcon.colcon_core.package_identification:_identify(src/sapien_robotics) by extensions ['colcon_meta']
[0.431s] Level 1:colcon.colcon_core.package_identification:_identify(src/sapien_robotics) by extension 'colcon_meta'
[0.431s] Level 1:colcon.colcon_core.package_identification:_identify(src/sapien_robotics) by extensions ['ros']
[0.431s] Level 1:colcon.colcon_core.package_identification:_identify(src/sapien_robotics) by extension 'ros'
[0.434s] DEBUG:colcon.colcon_core.package_identification:Package 'src/sapien_robotics' with type 'ros.ament_python' and name 'sapien_robotics'
[0.434s] Level 1:colcon.colcon_core.package_identification:_identify(src/turtlebot_bringup) by extensions ['ignore', 'ignore_ament_install']
[0.434s] Level 1:colcon.colcon_core.package_identification:_identify(src/turtlebot_bringup) by extension 'ignore'
[0.434s] Level 1:colcon.colcon_core.package_identification:_identify(src/turtlebot_bringup) by extension 'ignore_ament_install'
[0.434s] Level 1:colcon.colcon_core.package_identification:_identify(src/turtlebot_bringup) by extensions ['colcon_pkg']
[0.434s] Level 1:colcon.colcon_core.package_identification:_identify(src/turtlebot_bringup) by extension 'colcon_pkg'
[0.434s] Level 1:colcon.colcon_core.package_identification:_identify(src/turtlebot_bringup) by extensions ['colcon_meta']
[0.434s] Level 1:colcon.colcon_core.package_identification:_identify(src/turtlebot_bringup) by extension 'colcon_meta'
[0.434s] Level 1:colcon.colcon_core.package_identification:_identify(src/turtlebot_bringup) by extensions ['ros']
[0.434s] Level 1:colcon.colcon_core.package_identification:_identify(src/turtlebot_bringup) by extension 'ros'
[0.435s] DEBUG:colcon.colcon_core.package_identification:Package 'src/turtlebot_bringup' with type 'ros.ament_cmake' and name 'turtlebot_bringup'
[0.435s] Level 1:colcon.colcon_core.package_discovery:discover_packages(recursive) using defaults
[0.435s] Level 1:colcon.colcon_core.package_discovery:discover_packages(ignore) discover
[0.435s] Level 1:colcon.colcon_core.package_discovery:discover_packages(ignore) using defaults
[0.435s] Level 1:colcon.colcon_core.package_discovery:discover_packages(path) discover
[0.435s] Level 1:colcon.colcon_core.package_discovery:discover_packages(path) using defaults
[0.460s] Level 1:colcon.colcon_core.package_discovery:discover_packages(prefix_path) check parameters
[0.460s] Level 1:colcon.colcon_core.package_discovery:discover_packages(prefix_path) discover
[0.464s] DEBUG:colcon.colcon_installed_package_information.package_discovery:Found 2 installed packages in /home/maninderjha/Videos/sapien_robotics/install
[0.465s] DEBUG:colcon.colcon_installed_package_information.package_discovery:Found 1 installed packages in /home/maninderjha/Music/ydlidar_ros2_ws/install
[0.467s] DEBUG:colcon.colcon_installed_package_information.package_discovery:Found 4 installed packages in /home/maninderjha/Videos/Ros2_Nav_SLAM/install
[0.469s] DEBUG:colcon.colcon_installed_package_information.package_discovery:Found 440 installed packages in /opt/ros/humble
[0.472s] Level 1:colcon.colcon_core.package_discovery:discover_packages(prefix_path) using defaults
[0.563s] Level 5:colcon.colcon_core.verb:set package 'sapien_robotics' build argument 'cmake_args' from command line to 'None'
[0.563s] Level 5:colcon.colcon_core.verb:set package 'sapien_robotics' build argument 'cmake_target' from command line to 'None'
[0.563s] Level 5:colcon.colcon_core.verb:set package 'sapien_robotics' build argument 'cmake_target_skip_unavailable' from command line to 'False'
[0.563s] Level 5:colcon.colcon_core.verb:set package 'sapien_robotics' build argument 'cmake_clean_cache' from command line to 'False'
[0.563s] Level 5:colcon.colcon_core.verb:set package 'sapien_robotics' build argument 'cmake_clean_first' from command line to 'False'
[0.563s] Level 5:colcon.colcon_core.verb:set package 'sapien_robotics' build argument 'cmake_force_configure' from command line to 'False'
[0.563s] Level 5:colcon.colcon_core.verb:set package 'sapien_robotics' build argument 'ament_cmake_args' from command line to 'None'
[0.563s] Level 5:colcon.colcon_core.verb:set package 'sapien_robotics' build argument 'catkin_cmake_args' from command line to 'None'
[0.564s] Level 5:colcon.colcon_core.verb:set package 'sapien_robotics' build argument 'catkin_skip_building_tests' from command line to 'False'
[0.564s] DEBUG:colcon.colcon_core.verb:Building package 'sapien_robotics' with the following arguments: {'ament_cmake_args': None, 'build_base': '/home/maninderjha/Videos/sapien_robotics/build/sapien_robotics', 'catkin_cmake_args': None, 'catkin_skip_building_tests': False, 'cmake_args': None, 'cmake_clean_cache': False, 'cmake_clean_first': False, 'cmake_force_configure': False, 'cmake_target': None, 'cmake_target_skip_unavailable': False, 'install_base': '/home/maninderjha/Videos/sapien_robotics/install/sapien_robotics', 'merge_install': False, 'path': '/home/maninderjha/Videos/sapien_robotics/src/sapien_robotics', 'symlink_install': False, 'test_result_base': None}
[0.564s] Level 5:colcon.colcon_core.verb:set package 'turtlebot_bringup' build argument 'cmake_args' from command line to 'None'
[0.564s] Level 5:colcon.colcon_core.verb:set package 'turtlebot_bringup' build argument 'cmake_target' from command line to 'None'
[0.564s] Level 5:colcon.colcon_core.verb:set package 'turtlebot_bringup' build argument 'cmake_target_skip_unavailable' from command line to 'False'
[0.564s] Level 5:colcon.colcon_core.verb:set package 'turtlebot_bringup' build argument 'cmake_clean_cache' from command line to 'False'
[0.564s] Level 5:colcon.colcon_core.verb:set package 'turtlebot_bringup' build argument 'cmake_clean_first' from command line to 'False'
[0.564s] Level 5:colcon.colcon_core.verb:set package 'turtlebot_bringup' build argument 'cmake_force_configure' from command line to 'False'
[0.564s] Level 5:colcon.colcon_core.verb:set package 'turtlebot_bringup' build argument 'ament_cmake_args' from command line to 'None'
[0.564s] Level 5:colcon.colcon_core.verb:set package 'turtlebot_bringup' build argument 'catkin_cmake_args' from command line to 'None'
[0.564s] Level 5:colcon.colcon_core.verb:set package 'turtlebot_bringup' build argument 'catkin_skip_building_tests' from command line to 'False'
[0.564s] DEBUG:colcon.colcon_core.verb:Building package 'turtlebot_bringup' with the following arguments: {'ament_cmake_args': None, 'build_base': '/home/maninderjha/Videos/sapien_robotics/build/turtlebot_bringup', 'catkin_cmake_args': None, 'catkin_skip_building_tests': False, 'cmake_args': None, 'cmake_clean_cache': False, 'cmake_clean_first': False, 'cmake_force_configure': False, 'cmake_target': None, 'cmake_target_skip_unavailable': False, 'install_base': '/home/maninderjha/Videos/sapien_robotics/install/turtlebot_bringup', 'merge_install': False, 'path': '/home/maninderjha/Videos/sapien_robotics/src/turtlebot_bringup', 'symlink_install': False, 'test_result_base': None}
[0.564s] INFO:colcon.colcon_core.executor:Executing jobs using 'parallel' executor
[0.565s] DEBUG:colcon.colcon_parallel_executor.executor.parallel:run_until_complete
[0.565s] INFO:colcon.colcon_ros.task.ament_python.build:Building ROS package in '/home/maninderjha/Videos/sapien_robotics/src/sapien_robotics' with build type 'ament_python'
[0.566s] Level 1:colcon.colcon_core.shell:create_environment_hook('sapien_robotics', 'ament_prefix_path')
[0.569s] INFO:colcon.colcon_core.plugin_system:Skipping extension 'colcon_core.shell.bat': Not used on non-Windows systems
[0.569s] INFO:colcon.colcon_core.shell:Creating environment hook '/home/maninderjha/Videos/sapien_robotics/install/sapien_robotics/share/sapien_robotics/hook/ament_prefix_path.ps1'
[0.570s] INFO:colcon.colcon_core.shell:Creating environment descriptor '/home/maninderjha/Videos/sapien_robotics/install/sapien_robotics/share/sapien_robotics/hook/ament_prefix_path.dsv'
[0.571s] INFO:colcon.colcon_core.shell:Creating environment hook '/home/maninderjha/Videos/sapien_robotics/install/sapien_robotics/share/sapien_robotics/hook/ament_prefix_path.sh'
[0.572s] INFO:colcon.colcon_core.shell:Skip shell extension 'powershell' for command environment: Not usable outside of PowerShell
[0.572s] DEBUG:colcon.colcon_core.shell:Skip shell extension 'dsv' for command environment
[0.578s] INFO:colcon.colcon_ros.task.ament_cmake.build:Building ROS package in '/home/maninderjha/Videos/sapien_robotics/src/turtlebot_bringup' with build type 'ament_cmake'
[0.578s] INFO:colcon.colcon_cmake.task.cmake.build:Building CMake package in '/home/maninderjha/Videos/sapien_robotics/src/turtlebot_bringup'
[0.578s] INFO:colcon.colcon_core.shell:Skip shell extension 'powershell' for command environment: Not usable outside of PowerShell
[0.578s] DEBUG:colcon.colcon_core.shell:Skip shell extension 'dsv' for command environment
[0.888s] INFO:colcon.colcon_core.task.python.build:Building Python package in '/home/maninderjha/Videos/sapien_robotics/src/sapien_robotics'
[0.889s] INFO:colcon.colcon_core.shell:Skip shell extension 'powershell' for command environment: Not usable outside of PowerShell
[0.889s] DEBUG:colcon.colcon_core.shell:Skip shell extension 'dsv' for command environment
[0.904s] DEBUG:colcon.colcon_core.event_handler.log_command:Invoking command in '/home/maninderjha/Videos/sapien_robotics/build/turtlebot_bringup': CMAKE_PREFIX_PATH=${CMAKE_PREFIX_PATH}:/home/maninderjha/Videos/sapien_robotics/install/sapien_robotics:/home/maninderjha/Videos/Ros2_Nav_SLAM/install/wormhole_implementation:/opt/ros/humble /usr/bin/cmake --build /home/maninderjha/Videos/sapien_robotics/build/turtlebot_bringup -- -j12 -l12
[0.972s] DEBUG:colcon.colcon_core.event_handler.log_command:Invoked command in '/home/maninderjha/Videos/sapien_robotics/build/turtlebot_bringup' returned '0': CMAKE_PREFIX_PATH=${CMAKE_PREFIX_PATH}:/home/maninderjha/Videos/sapien_robotics/install/sapien_robotics:/home/maninderjha/Videos/Ros2_Nav_SLAM/install/wormhole_implementation:/opt/ros/humble /usr/bin/cmake --build /home/maninderjha/Videos/sapien_robotics/build/turtlebot_bringup -- -j12 -l12
[0.988s] DEBUG:colcon.colcon_core.event_handler.log_command:Invoking command in '/home/maninderjha/Videos/sapien_robotics/build/turtlebot_bringup': CMAKE_PREFIX_PATH=${CMAKE_PREFIX_PATH}:/home/maninderjha/Videos/sapien_robotics/install/sapien_robotics:/home/maninderjha/Videos/Ros2_Nav_SLAM/install/wormhole_implementation:/opt/ros/humble /usr/bin/cmake --install /home/maninderjha/Videos/sapien_robotics/build/turtlebot_bringup
[1.013s] Level 1:colcon.colcon_core.environment:create_environment_scripts_only(turtlebot_bringup)
[1.014s] DEBUG:colcon.colcon_core.event_handler.log_command:Invoked command in '/home/maninderjha/Videos/sapien_robotics/build/turtlebot_bringup' returned '0': CMAKE_PREFIX_PATH=${CMAKE_PREFIX_PATH}:/home/maninderjha/Videos/sapien_robotics/install/sapien_robotics:/home/maninderjha/Videos/Ros2_Nav_SLAM/install/wormhole_implementation:/opt/ros/humble /usr/bin/cmake --install /home/maninderjha/Videos/sapien_robotics/build/turtlebot_bringup
[1.023s] Level 1:colcon.colcon_core.environment:checking '/home/maninderjha/Videos/sapien_robotics/install/turtlebot_bringup' for CMake module files
[1.024s] Level 1:colcon.colcon_core.environment:checking '/home/maninderjha/Videos/sapien_robotics/install/turtlebot_bringup' for CMake config files
[1.025s] Level 1:colcon.colcon_core.shell:create_environment_hook('turtlebot_bringup', 'cmake_prefix_path')
[1.025s] INFO:colcon.colcon_core.shell:Creating environment hook '/home/maninderjha/Videos/sapien_robotics/install/turtlebot_bringup/share/turtlebot_bringup/hook/cmake_prefix_path.ps1'
[1.026s] INFO:colcon.colcon_core.shell:Creating environment descriptor '/home/maninderjha/Videos/sapien_robotics/install/turtlebot_bringup/share/turtlebot_bringup/hook/cmake_prefix_path.dsv'
[1.027s] INFO:colcon.colcon_core.shell:Creating environment hook '/home/maninderjha/Videos/sapien_robotics/install/turtlebot_bringup/share/turtlebot_bringup/hook/cmake_prefix_path.sh'
[1.028s] Level 1:colcon.colcon_core.environment:checking '/home/maninderjha/Videos/sapien_robotics/install/turtlebot_bringup/bin'
[1.029s] Level 1:colcon.colcon_core.environment:checking '/home/maninderjha/Videos/sapien_robotics/install/turtlebot_bringup/lib/pkgconfig/turtlebot_bringup.pc'
[1.029s] Level 1:colcon.colcon_core.environment:checking '/home/maninderjha/Videos/sapien_robotics/install/turtlebot_bringup/lib/python3.10/site-packages'
[1.029s] Level 1:colcon.colcon_core.environment:checking '/home/maninderjha/Videos/sapien_robotics/install/turtlebot_bringup/bin'
[1.029s] INFO:colcon.colcon_core.shell:Creating package script '/home/maninderjha/Videos/sapien_robotics/install/turtlebot_bringup/share/turtlebot_bringup/package.ps1'
[1.031s] INFO:colcon.colcon_core.shell:Creating package descriptor '/home/maninderjha/Videos/sapien_robotics/install/turtlebot_bringup/share/turtlebot_bringup/package.dsv'
[1.032s] INFO:colcon.colcon_core.shell:Creating package script '/home/maninderjha/Videos/sapien_robotics/install/turtlebot_bringup/share/turtlebot_bringup/package.sh'
[1.033s] INFO:colcon.colcon_core.shell:Creating package script '/home/maninderjha/Videos/sapien_robotics/install/turtlebot_bringup/share/turtlebot_bringup/package.bash'
[1.034s] INFO:colcon.colcon_core.shell:Creating package script '/home/maninderjha/Videos/sapien_robotics/install/turtlebot_bringup/share/turtlebot_bringup/package.zsh'
[1.035s] Level 1:colcon.colcon_core.environment:create_file_with_runtime_dependencies(/home/maninderjha/Videos/sapien_robotics/install/turtlebot_bringup/share/colcon-core/packages/turtlebot_bringup)
[1.036s] Level 1:colcon.colcon_core.environment:create_environment_scripts_only(turtlebot_bringup)
[1.037s] Level 1:colcon.colcon_core.environment:checking '/home/maninderjha/Videos/sapien_robotics/install/turtlebot_bringup' for CMake module files
[1.037s] Level 1:colcon.colcon_core.environment:checking '/home/maninderjha/Videos/sapien_robotics/install/turtlebot_bringup' for CMake config files
[1.037s] Level 1:colcon.colcon_core.shell:create_environment_hook('turtlebot_bringup', 'cmake_prefix_path')
[1.038s] INFO:colcon.colcon_core.shell:Creating environment hook '/home/maninderjha/Videos/sapien_robotics/install/turtlebot_bringup/share/turtlebot_bringup/hook/cmake_prefix_path.ps1'
[1.038s] INFO:colcon.colcon_core.shell:Creating environment descriptor '/home/maninderjha/Videos/sapien_robotics/install/turtlebot_bringup/share/turtlebot_bringup/hook/cmake_prefix_path.dsv'
[1.039s] INFO:colcon.colcon_core.shell:Creating environment hook '/home/maninderjha/Videos/sapien_robotics/install/turtlebot_bringup/share/turtlebot_bringup/hook/cmake_prefix_path.sh'
[1.041s] Level 1:colcon.colcon_core.environment:checking '/home/maninderjha/Videos/sapien_robotics/install/turtlebot_bringup/bin'
[1.041s] Level 1:colcon.colcon_core.environment:checking '/home/maninderjha/Videos/sapien_robotics/install/turtlebot_bringup/lib/pkgconfig/turtlebot_bringup.pc'
[1.041s] Level 1:colcon.colcon_core.environment:checking '/home/maninderjha/Videos/sapien_robotics/install/turtlebot_bringup/lib/python3.10/site-packages'
[1.041s] Level 1:colcon.colcon_core.environment:checking '/home/maninderjha/Videos/sapien_robotics/install/turtlebot_bringup/bin'
[1.042s] INFO:colcon.colcon_core.shell:Creating package script '/home/maninderjha/Videos/sapien_robotics/install/turtlebot_bringup/share/turtlebot_bringup/package.ps1'
[1.043s] INFO:colcon.colcon_core.shell:Creating package descriptor '/home/maninderjha/Videos/sapien_robotics/install/turtlebot_bringup/share/turtlebot_bringup/package.dsv'
[1.044s] INFO:colcon.colcon_core.shell:Creating package script '/home/maninderjha/Videos/sapien_robotics/install/turtlebot_bringup/share/turtlebot_bringup/package.sh'
[1.046s] INFO:colcon.colcon_core.shell:Creating package script '/home/maninderjha/Videos/sapien_robotics/install/turtlebot_bringup/share/turtlebot_bringup/package.bash'
[1.047s] INFO:colcon.colcon_core.shell:Creating package script '/home/maninderjha/Videos/sapien_robotics/install/turtlebot_bringup/share/turtlebot_bringup/package.zsh'
[1.049s] Level 1:colcon.colcon_core.environment:create_file_with_runtime_dependencies(/home/maninderjha/Videos/sapien_robotics/install/turtlebot_bringup/share/colcon-core/packages/turtlebot_bringup)
[1.415s] DEBUG:colcon.colcon_core.event_handler.log_command:Invoking command in '/home/maninderjha/Videos/sapien_robotics/src/sapien_robotics': PYTHONPATH=/home/maninderjha/Videos/sapien_robotics/build/sapien_robotics/prefix_override:/usr/lib/python3/dist-packages/colcon_core/task/python/colcon_distutils_commands:/home/maninderjha/Videos/sapien_robotics/install/sapien_robotics/lib/python3.10/site-packages:${PYTHONPATH} /usr/bin/python3 -W ignore:setup.py install is deprecated -W ignore:easy_install command is deprecated setup.py egg_info --egg-base ../../build/sapien_robotics build --build-base /home/maninderjha/Videos/sapien_robotics/build/sapien_robotics/build install --record /home/maninderjha/Videos/sapien_robotics/build/sapien_robotics/install.log --single-version-externally-managed install_data
[1.744s] Level 1:colcon.colcon_core.environment:checking '/home/maninderjha/Videos/sapien_robotics/install/sapien_robotics' for CMake module files
[1.744s] DEBUG:colcon.colcon_core.event_handler.log_command:Invoked command in '/home/maninderjha/Videos/sapien_robotics/src/sapien_robotics' returned '0': PYTHONPATH=/home/maninderjha/Videos/sapien_robotics/build/sapien_robotics/prefix_override:/usr/lib/python3/dist-packages/colcon_core/task/python/colcon_distutils_commands:/home/maninderjha/Videos/sapien_robotics/install/sapien_robotics/lib/python3.10/site-packages:${PYTHONPATH} /usr/bin/python3 -W ignore:setup.py install is deprecated -W ignore:easy_install command is deprecated setup.py egg_info --egg-base ../../build/sapien_robotics build --build-base /home/maninderjha/Videos/sapien_robotics/build/sapien_robotics/build install --record /home/maninderjha/Videos/sapien_robotics/build/sapien_robotics/install.log --single-version-externally-managed install_data
[1.745s] Level 1:colcon.colcon_core.environment:checking '/home/maninderjha/Videos/sapien_robotics/install/sapien_robotics' for CMake config files
[1.746s] Level 1:colcon.colcon_core.environment:checking '/home/maninderjha/Videos/sapien_robotics/install/sapien_robotics/lib'
[1.746s] Level 1:colcon.colcon_core.environment:checking '/home/maninderjha/Videos/sapien_robotics/install/sapien_robotics/bin'
[1.746s] Level 1:colcon.colcon_core.environment:checking '/home/maninderjha/Videos/sapien_robotics/install/sapien_robotics/lib/pkgconfig/sapien_robotics.pc'
[1.746s] Level 1:colcon.colcon_core.environment:checking '/home/maninderjha/Videos/sapien_robotics/install/sapien_robotics/lib/python3.10/site-packages'
[1.746s] Level 1:colcon.colcon_core.shell:create_environment_hook('sapien_robotics', 'pythonpath')
[1.746s] INFO:colcon.colcon_core.shell:Creating environment hook '/home/maninderjha/Videos/sapien_robotics/install/sapien_robotics/share/sapien_robotics/hook/pythonpath.ps1'
[1.747s] INFO:colcon.colcon_core.shell:Creating environment descriptor '/home/maninderjha/Videos/sapien_robotics/install/sapien_robotics/share/sapien_robotics/hook/pythonpath.dsv'
[1.747s] INFO:colcon.colcon_core.shell:Creating environment hook '/home/maninderjha/Videos/sapien_robotics/install/sapien_robotics/share/sapien_robotics/hook/pythonpath.sh'
[1.748s] Level 1:colcon.colcon_core.environment:checking '/home/maninderjha/Videos/sapien_robotics/install/sapien_robotics/bin'
[1.748s] Level 1:colcon.colcon_core.environment:create_environment_scripts_only(sapien_robotics)
[1.748s] INFO:colcon.colcon_core.shell:Creating package script '/home/maninderjha/Videos/sapien_robotics/install/sapien_robotics/share/sapien_robotics/package.ps1'
[1.749s] INFO:colcon.colcon_core.shell:Creating package descriptor '/home/maninderjha/Videos/sapien_robotics/install/sapien_robotics/share/sapien_robotics/package.dsv'
[1.749s] INFO:colcon.colcon_core.shell:Creating package script '/home/maninderjha/Videos/sapien_robotics/install/sapien_robotics/share/sapien_robotics/package.sh'
[1.750s] INFO:colcon.colcon_core.shell:Creating package script '/home/maninderjha/Videos/sapien_robotics/install/sapien_robotics/share/sapien_robotics/package.bash'
[1.750s] INFO:colcon.colcon_core.shell:Creating package script '/home/maninderjha/Videos/sapien_robotics/install/sapien_robotics/share/sapien_robotics/package.zsh'
[1.751s] Level 1:colcon.colcon_core.environment:create_file_with_runtime_dependencies(/home/maninderjha/Videos/sapien_robotics/install/sapien_robotics/share/colcon-core/packages/sapien_robotics)
[1.751s] DEBUG:colcon.colcon_parallel_executor.executor.parallel:closing loop
[1.751s] DEBUG:colcon.colcon_parallel_executor.executor.parallel:loop closed
[1.751s] DEBUG:colcon.colcon_parallel_executor.executor.parallel:run_until_complete finished with '0'
[1.751s] DEBUG:colcon.colcon_core.event_reactor:joining thread
[1.761s] INFO:colcon.colcon_core.plugin_system:Skipping extension 'colcon_notification.desktop_notification.terminal_notifier': Not used on non-Darwin systems
[1.761s] INFO:colcon.colcon_core.plugin_system:Skipping extension 'colcon_notification.desktop_notification.win32': Not used on non-Windows systems
[1.761s] INFO:colcon.colcon_notification.desktop_notification:Sending desktop notification using 'notify2'
[1.775s] DEBUG:colcon.colcon_core.event_reactor:joined thread
[1.775s] INFO:colcon.colcon_core.shell:Creating prefix script '/home/maninderjha/Videos/sapien_robotics/install/local_setup.ps1'
[1.777s] INFO:colcon.colcon_core.shell:Creating prefix util module '/home/maninderjha/Videos/sapien_robotics/install/_local_setup_util_ps1.py'
[1.778s] INFO:colcon.colcon_core.shell:Creating prefix chain script '/home/maninderjha/Videos/sapien_robotics/install/setup.ps1'
[1.781s] INFO:colcon.colcon_core.shell:Creating prefix script '/home/maninderjha/Videos/sapien_robotics/install/local_setup.sh'
[1.783s] INFO:colcon.colcon_core.shell:Creating prefix util module '/home/maninderjha/Videos/sapien_robotics/install/_local_setup_util_sh.py'
[1.783s] INFO:colcon.colcon_core.shell:Creating prefix chain script '/home/maninderjha/Videos/sapien_robotics/install/setup.sh'
[1.787s] INFO:colcon.colcon_core.shell:Creating prefix script '/home/maninderjha/Videos/sapien_robotics/install/local_setup.bash'
[1.789s] INFO:colcon.colcon_core.shell:Creating prefix chain script '/home/maninderjha/Videos/sapien_robotics/install/setup.bash'
[1.791s] INFO:colcon.colcon_core.shell:Creating prefix script '/home/maninderjha/Videos/sapien_robotics/install/local_setup.zsh'
[1.791s] INFO:colcon.colcon_core.shell:Creating prefix chain script '/home/maninderjha/Videos/sapien_robotics/install/setup.zsh'
