[0.095s] DEBUG:colcon:Command line arguments: ['/usr/bin/colcon', 'build']
[0.095s] DEBUG:colcon:Parsed command line arguments: Namespace(log_base=None, log_level=None, verb_name='build', build_base='build', install_base='install', merge_install=False, symlink_install=False, test_result_base=None, continue_on_error=False, executor='parallel', parallel_workers=12, event_handlers=None, ignore_user_meta=False, metas=['./colcon.meta'], base_paths=['.'], packages_ignore=None, packages_ignore_regex=None, paths=None, packages_up_to=None, packages_up_to_regex=None, packages_above=None, packages_above_and_dependencies=None, packages_above_depth=None, packages_select_by_dep=None, packages_skip_by_dep=None, packages_skip_up_to=None, packages_select_build_failed=False, packages_skip_build_finished=False, packages_select_test_failures=False, packages_skip_test_passed=False, packages_select=None, packages_skip=None, packages_select_regex=None, packages_skip_regex=None, packages_start=None, packages_end=None, allow_overriding=[], cmake_args=None, cmake_target=None, cmake_target_skip_unavailable=False, cmake_clean_cache=False, cmake_clean_first=False, cmake_force_configure=False, ament_cmake_args=None, catkin_cmake_args=None, catkin_skip_building_tests=False, mixin_files=None, mixin=None, verb_parser=<colcon_mixin.mixin.mixin_argument.MixinArgumentDecorator object at 0x77cd5966b880>, verb_extension=<colcon_core.verb.build.BuildVerb object at 0x77cd5966ae60>, main=<bound method BuildVerb.main of <colcon_core.verb.build.BuildVerb object at 0x77cd5966ae60>>, mixin_verb=('build',))
[0.272s] Level 1:colcon.colcon_core.package_discovery:discover_packages(colcon_meta) check parameters
[0.272s] Level 1:colcon.colcon_core.package_discovery:discover_packages(recursive) check parameters
[0.272s] Level 1:colcon.colcon_core.package_discovery:discover_packages(ignore) check parameters
[0.272s] Level 1:colcon.colcon_core.package_discovery:discover_packages(path) check parameters
[0.272s] Level 1:colcon.colcon_core.package_discovery:discover_packages(colcon_meta) discover
[0.272s] Level 1:colcon.colcon_core.package_discovery:discover_packages(recursive) discover
[0.272s] INFO:colcon.colcon_core.package_discovery:Crawling recursively for packages in '/home/maninderjha/Videos/sapien_robotics'
[0.272s] Level 1:colcon.colcon_core.package_identification:_identify(.) by extensions ['ignore', 'ignore_ament_install']
[0.272s] Level 1:colcon.colcon_core.package_identification:_identify(.) by extension 'ignore'
[0.272s] Level 1:colcon.colcon_core.package_identification:_identify(.) by extension 'ignore_ament_install'
[0.272s] Level 1:colcon.colcon_core.package_identification:_identify(.) by extensions ['colcon_pkg']
[0.272s] Level 1:colcon.colcon_core.package_identification:_identify(.) by extension 'colcon_pkg'
[0.273s] Level 1:colcon.colcon_core.package_identification:_identify(.) by extensions ['colcon_meta']
[0.273s] Level 1:colcon.colcon_core.package_identification:_identify(.) by extension 'colcon_meta'
[0.273s] Level 1:colcon.colcon_core.package_identification:_identify(.) by extensions ['ros']
[0.273s] Level 1:colcon.colcon_core.package_identification:_identify(.) by extension 'ros'
[0.296s] Level 1:colcon.colcon_core.package_identification:_identify(.) by extensions ['cmake', 'python']
[0.296s] Level 1:colcon.colcon_core.package_identification:_identify(.) by extension 'cmake'
[0.296s] Level 1:colcon.colcon_core.package_identification:_identify(.) by extension 'python'
[0.296s] Level 1:colcon.colcon_core.package_identification:_identify(.) by extensions ['python_setup_py']
[0.296s] Level 1:colcon.colcon_core.package_identification:_identify(.) by extension 'python_setup_py'
[0.296s] Level 1:colcon.colcon_core.package_identification:_identify(build) by extensions ['ignore', 'ignore_ament_install']
[0.296s] Level 1:colcon.colcon_core.package_identification:_identify(build) by extension 'ignore'
[0.296s] Level 1:colcon.colcon_core.package_identification:_identify(build) ignored
[0.296s] Level 1:colcon.colcon_core.package_identification:_identify(install) by extensions ['ignore', 'ignore_ament_install']
[0.296s] Level 1:colcon.colcon_core.package_identification:_identify(install) by extension 'ignore'
[0.296s] Level 1:colcon.colcon_core.package_identification:_identify(install) ignored
[0.296s] Level 1:colcon.colcon_core.package_identification:_identify(log) by extensions ['ignore', 'ignore_ament_install']
[0.296s] Level 1:colcon.colcon_core.package_identification:_identify(log) by extension 'ignore'
[0.296s] Level 1:colcon.colcon_core.package_identification:_identify(log) ignored
[0.296s] Level 1:colcon.colcon_core.package_identification:_identify(src) by extensions ['ignore', 'ignore_ament_install']
[0.296s] Level 1:colcon.colcon_core.package_identification:_identify(src) by extension 'ignore'
[0.297s] Level 1:colcon.colcon_core.package_identification:_identify(src) by extension 'ignore_ament_install'
[0.297s] Level 1:colcon.colcon_core.package_identification:_identify(src) by extensions ['colcon_pkg']
[0.297s] Level 1:colcon.colcon_core.package_identification:_identify(src) by extension 'colcon_pkg'
[0.297s] Level 1:colcon.colcon_core.package_identification:_identify(src) by extensions ['colcon_meta']
[0.297s] Level 1:colcon.colcon_core.package_identification:_identify(src) by extension 'colcon_meta'
[0.297s] Level 1:colcon.colcon_core.package_identification:_identify(src) by extensions ['ros']
[0.297s] Level 1:colcon.colcon_core.package_identification:_identify(src) by extension 'ros'
[0.297s] Level 1:colcon.colcon_core.package_identification:_identify(src) by extensions ['cmake', 'python']
[0.297s] Level 1:colcon.colcon_core.package_identification:_identify(src) by extension 'cmake'
[0.297s] Level 1:colcon.colcon_core.package_identification:_identify(src) by extension 'python'
[0.297s] Level 1:colcon.colcon_core.package_identification:_identify(src) by extensions ['python_setup_py']
[0.297s] Level 1:colcon.colcon_core.package_identification:_identify(src) by extension 'python_setup_py'
[0.297s] Level 1:colcon.colcon_core.package_identification:_identify(src/sapien_robotics) by extensions ['ignore', 'ignore_ament_install']
[0.297s] Level 1:colcon.colcon_core.package_identification:_identify(src/sapien_robotics) by extension 'ignore'
[0.297s] Level 1:colcon.colcon_core.package_identification:_identify(src/sapien_robotics) by extension 'ignore_ament_install'
[0.297s] Level 1:colcon.colcon_core.package_identification:_identify(src/sapien_robotics) by extensions ['colcon_pkg']
[0.297s] Level 1:colcon.colcon_core.package_identification:_identify(src/sapien_robotics) by extension 'colcon_pkg'
[0.297s] Level 1:colcon.colcon_core.package_identification:_identify(src/sapien_robotics) by extensions ['colcon_meta']
[0.297s] Level 1:colcon.colcon_core.package_identification:_identify(src/sapien_robotics) by extension 'colcon_meta'
[0.297s] Level 1:colcon.colcon_core.package_identification:_identify(src/sapien_robotics) by extensions ['ros']
[0.297s] Level 1:colcon.colcon_core.package_identification:_identify(src/sapien_robotics) by extension 'ros'
[0.299s] DEBUG:colcon.colcon_core.package_identification:Package 'src/sapien_robotics' with type 'ros.ament_python' and name 'sapien_robotics'
[0.299s] Level 1:colcon.colcon_core.package_identification:_identify(src/turtlebot_bringup) by extensions ['ignore', 'ignore_ament_install']
[0.300s] Level 1:colcon.colcon_core.package_identification:_identify(src/turtlebot_bringup) by extension 'ignore'
[0.300s] Level 1:colcon.colcon_core.package_identification:_identify(src/turtlebot_bringup) by extension 'ignore_ament_install'
[0.300s] Level 1:colcon.colcon_core.package_identification:_identify(src/turtlebot_bringup) by extensions ['colcon_pkg']
[0.300s] Level 1:colcon.colcon_core.package_identification:_identify(src/turtlebot_bringup) by extension 'colcon_pkg'
[0.300s] Level 1:colcon.colcon_core.package_identification:_identify(src/turtlebot_bringup) by extensions ['colcon_meta']
[0.300s] Level 1:colcon.colcon_core.package_identification:_identify(src/turtlebot_bringup) by extension 'colcon_meta'
[0.300s] Level 1:colcon.colcon_core.package_identification:_identify(src/turtlebot_bringup) by extensions ['ros']
[0.300s] Level 1:colcon.colcon_core.package_identification:_identify(src/turtlebot_bringup) by extension 'ros'
[0.300s] DEBUG:colcon.colcon_core.package_identification:Package 'src/turtlebot_bringup' with type 'ros.ament_cmake' and name 'turtlebot_bringup'
[0.300s] Level 1:colcon.colcon_core.package_discovery:discover_packages(recursive) using defaults
[0.300s] Level 1:colcon.colcon_core.package_discovery:discover_packages(ignore) discover
[0.300s] Level 1:colcon.colcon_core.package_discovery:discover_packages(ignore) using defaults
[0.300s] Level 1:colcon.colcon_core.package_discovery:discover_packages(path) discover
[0.300s] Level 1:colcon.colcon_core.package_discovery:discover_packages(path) using defaults
[0.318s] Level 1:colcon.colcon_core.package_discovery:discover_packages(prefix_path) check parameters
[0.318s] Level 1:colcon.colcon_core.package_discovery:discover_packages(prefix_path) discover
[0.320s] DEBUG:colcon.colcon_installed_package_information.package_discovery:Found 1 installed packages in /home/maninderjha/Music/ydlidar_ros2_ws/install
[0.320s] DEBUG:colcon.colcon_installed_package_information.package_discovery:Found 4 installed packages in /home/maninderjha/Videos/Ros2_Nav_SLAM/install
[0.322s] DEBUG:colcon.colcon_installed_package_information.package_discovery:Found 440 installed packages in /opt/ros/humble
[0.324s] Level 1:colcon.colcon_core.package_discovery:discover_packages(prefix_path) using defaults
[0.379s] Level 5:colcon.colcon_core.verb:set package 'sapien_robotics' build argument 'cmake_args' from command line to 'None'
[0.379s] Level 5:colcon.colcon_core.verb:set package 'sapien_robotics' build argument 'cmake_target' from command line to 'None'
[0.379s] Level 5:colcon.colcon_core.verb:set package 'sapien_robotics' build argument 'cmake_target_skip_unavailable' from command line to 'False'
[0.379s] Level 5:colcon.colcon_core.verb:set package 'sapien_robotics' build argument 'cmake_clean_cache' from command line to 'False'
[0.379s] Level 5:colcon.colcon_core.verb:set package 'sapien_robotics' build argument 'cmake_clean_first' from command line to 'False'
[0.379s] Level 5:colcon.colcon_core.verb:set package 'sapien_robotics' build argument 'cmake_force_configure' from command line to 'False'
[0.379s] Level 5:colcon.colcon_core.verb:set package 'sapien_robotics' build argument 'ament_cmake_args' from command line to 'None'
[0.379s] Level 5:colcon.colcon_core.verb:set package 'sapien_robotics' build argument 'catkin_cmake_args' from command line to 'None'
[0.379s] Level 5:colcon.colcon_core.verb:set package 'sapien_robotics' build argument 'catkin_skip_building_tests' from command line to 'False'
[0.379s] DEBUG:colcon.colcon_core.verb:Building package 'sapien_robotics' with the following arguments: {'ament_cmake_args': None, 'build_base': '/home/maninderjha/Videos/sapien_robotics/build/sapien_robotics', 'catkin_cmake_args': None, 'catkin_skip_building_tests': False, 'cmake_args': None, 'cmake_clean_cache': False, 'cmake_clean_first': False, 'cmake_force_configure': False, 'cmake_target': None, 'cmake_target_skip_unavailable': False, 'install_base': '/home/maninderjha/Videos/sapien_robotics/install/sapien_robotics', 'merge_install': False, 'path': '/home/maninderjha/Videos/sapien_robotics/src/sapien_robotics', 'symlink_install': False, 'test_result_base': None}
[0.380s] Level 5:colcon.colcon_core.verb:set package 'turtlebot_bringup' build argument 'cmake_args' from command line to 'None'
[0.380s] Level 5:colcon.colcon_core.verb:set package 'turtlebot_bringup' build argument 'cmake_target' from command line to 'None'
[0.380s] Level 5:colcon.colcon_core.verb:set package 'turtlebot_bringup' build argument 'cmake_target_skip_unavailable' from command line to 'False'
[0.380s] Level 5:colcon.colcon_core.verb:set package 'turtlebot_bringup' build argument 'cmake_clean_cache' from command line to 'False'
[0.380s] Level 5:colcon.colcon_core.verb:set package 'turtlebot_bringup' build argument 'cmake_clean_first' from command line to 'False'
[0.380s] Level 5:colcon.colcon_core.verb:set package 'turtlebot_bringup' build argument 'cmake_force_configure' from command line to 'False'
[0.380s] Level 5:colcon.colcon_core.verb:set package 'turtlebot_bringup' build argument 'ament_cmake_args' from command line to 'None'
[0.380s] Level 5:colcon.colcon_core.verb:set package 'turtlebot_bringup' build argument 'catkin_cmake_args' from command line to 'None'
[0.380s] Level 5:colcon.colcon_core.verb:set package 'turtlebot_bringup' build argument 'catkin_skip_building_tests' from command line to 'False'
[0.380s] DEBUG:colcon.colcon_core.verb:Building package 'turtlebot_bringup' with the following arguments: {'ament_cmake_args': None, 'build_base': '/home/maninderjha/Videos/sapien_robotics/build/turtlebot_bringup', 'catkin_cmake_args': None, 'catkin_skip_building_tests': False, 'cmake_args': None, 'cmake_clean_cache': False, 'cmake_clean_first': False, 'cmake_force_configure': False, 'cmake_target': None, 'cmake_target_skip_unavailable': False, 'install_base': '/home/maninderjha/Videos/sapien_robotics/install/turtlebot_bringup', 'merge_install': False, 'path': '/home/maninderjha/Videos/sapien_robotics/src/turtlebot_bringup', 'symlink_install': False, 'test_result_base': None}
[0.380s] INFO:colcon.colcon_core.executor:Executing jobs using 'parallel' executor
[0.381s] DEBUG:colcon.colcon_parallel_executor.executor.parallel:run_until_complete
[0.381s] INFO:colcon.colcon_ros.task.ament_python.build:Building ROS package in '/home/maninderjha/Videos/sapien_robotics/src/sapien_robotics' with build type 'ament_python'
[0.381s] Level 1:colcon.colcon_core.shell:create_environment_hook('sapien_robotics', 'ament_prefix_path')
[0.383s] INFO:colcon.colcon_core.plugin_system:Skipping extension 'colcon_core.shell.bat': Not used on non-Windows systems
[0.384s] INFO:colcon.colcon_core.shell:Creating environment hook '/home/maninderjha/Videos/sapien_robotics/install/sapien_robotics/share/sapien_robotics/hook/ament_prefix_path.ps1'
[0.384s] INFO:colcon.colcon_core.shell:Creating environment descriptor '/home/maninderjha/Videos/sapien_robotics/install/sapien_robotics/share/sapien_robotics/hook/ament_prefix_path.dsv'
[0.385s] INFO:colcon.colcon_core.shell:Creating environment hook '/home/maninderjha/Videos/sapien_robotics/install/sapien_robotics/share/sapien_robotics/hook/ament_prefix_path.sh'
[0.385s] INFO:colcon.colcon_core.shell:Skip shell extension 'powershell' for command environment: Not usable outside of PowerShell
[0.385s] DEBUG:colcon.colcon_core.shell:Skip shell extension 'dsv' for command environment
[0.389s] INFO:colcon.colcon_ros.task.ament_cmake.build:Building ROS package in '/home/maninderjha/Videos/sapien_robotics/src/turtlebot_bringup' with build type 'ament_cmake'
[0.390s] INFO:colcon.colcon_cmake.task.cmake.build:Building CMake package in '/home/maninderjha/Videos/sapien_robotics/src/turtlebot_bringup'
[0.390s] INFO:colcon.colcon_core.shell:Skip shell extension 'powershell' for command environment: Not usable outside of PowerShell
[0.390s] DEBUG:colcon.colcon_core.shell:Skip shell extension 'dsv' for command environment
[0.658s] INFO:colcon.colcon_core.task.python.build:Building Python package in '/home/maninderjha/Videos/sapien_robotics/src/sapien_robotics'
[0.658s] INFO:colcon.colcon_core.shell:Skip shell extension 'powershell' for command environment: Not usable outside of PowerShell
[0.658s] DEBUG:colcon.colcon_core.shell:Skip shell extension 'dsv' for command environment
[0.668s] DEBUG:colcon.colcon_core.event_handler.log_command:Invoking command in '/home/maninderjha/Videos/sapien_robotics/build/turtlebot_bringup': CMAKE_PREFIX_PATH=${CMAKE_PREFIX_PATH}:/home/maninderjha/Videos/Ros2_Nav_SLAM/install/wormhole_implementation:/opt/ros/humble /usr/bin/cmake /home/maninderjha/Videos/sapien_robotics/src/turtlebot_bringup -DCMAKE_INSTALL_PREFIX=/home/maninderjha/Videos/sapien_robotics/install/turtlebot_bringup
[1.069s] DEBUG:colcon.colcon_core.event_handler.log_command:Invoking command in '/home/maninderjha/Videos/sapien_robotics/src/sapien_robotics': PYTHONPATH=/home/maninderjha/Videos/sapien_robotics/build/sapien_robotics/prefix_override:/usr/lib/python3/dist-packages/colcon_core/task/python/colcon_distutils_commands:/home/maninderjha/Videos/sapien_robotics/install/sapien_robotics/lib/python3.10/site-packages:${PYTHONPATH} /usr/bin/python3 -W ignore:setup.py install is deprecated -W ignore:easy_install command is deprecated setup.py egg_info --egg-base ../../build/sapien_robotics build --build-base /home/maninderjha/Videos/sapien_robotics/build/sapien_robotics/build install --record /home/maninderjha/Videos/sapien_robotics/build/sapien_robotics/install.log --single-version-externally-managed install_data
[1.408s] DEBUG:colcon.colcon_core.event_handler.log_command:Invoked command in '/home/maninderjha/Videos/sapien_robotics/build/turtlebot_bringup' returned '0': CMAKE_PREFIX_PATH=${CMAKE_PREFIX_PATH}:/home/maninderjha/Videos/Ros2_Nav_SLAM/install/wormhole_implementation:/opt/ros/humble /usr/bin/cmake /home/maninderjha/Videos/sapien_robotics/src/turtlebot_bringup -DCMAKE_INSTALL_PREFIX=/home/maninderjha/Videos/sapien_robotics/install/turtlebot_bringup
[1.411s] DEBUG:colcon.colcon_core.event_handler.log_command:Invoking command in '/home/maninderjha/Videos/sapien_robotics/build/turtlebot_bringup': CMAKE_PREFIX_PATH=${CMAKE_PREFIX_PATH}:/home/maninderjha/Videos/Ros2_Nav_SLAM/install/wormhole_implementation:/opt/ros/humble /usr/bin/cmake --build /home/maninderjha/Videos/sapien_robotics/build/turtlebot_bringup -- -j12 -l12
[1.427s] DEBUG:colcon.colcon_core.event_handler.log_command:Invoked command in '/home/maninderjha/Videos/sapien_robotics/src/sapien_robotics' returned '0': PYTHONPATH=/home/maninderjha/Videos/sapien_robotics/build/sapien_robotics/prefix_override:/usr/lib/python3/dist-packages/colcon_core/task/python/colcon_distutils_commands:/home/maninderjha/Videos/sapien_robotics/install/sapien_robotics/lib/python3.10/site-packages:${PYTHONPATH} /usr/bin/python3 -W ignore:setup.py install is deprecated -W ignore:easy_install command is deprecated setup.py egg_info --egg-base ../../build/sapien_robotics build --build-base /home/maninderjha/Videos/sapien_robotics/build/sapien_robotics/build install --record /home/maninderjha/Videos/sapien_robotics/build/sapien_robotics/install.log --single-version-externally-managed install_data
[1.429s] Level 1:colcon.colcon_core.environment:checking '/home/maninderjha/Videos/sapien_robotics/install/sapien_robotics' for CMake module files
[1.430s] Level 1:colcon.colcon_core.environment:checking '/home/maninderjha/Videos/sapien_robotics/install/sapien_robotics' for CMake config files
[1.431s] Level 1:colcon.colcon_core.environment:checking '/home/maninderjha/Videos/sapien_robotics/install/sapien_robotics/lib'
[1.431s] Level 1:colcon.colcon_core.environment:checking '/home/maninderjha/Videos/sapien_robotics/install/sapien_robotics/bin'
[1.431s] Level 1:colcon.colcon_core.environment:checking '/home/maninderjha/Videos/sapien_robotics/install/sapien_robotics/lib/pkgconfig/sapien_robotics.pc'
[1.431s] Level 1:colcon.colcon_core.environment:checking '/home/maninderjha/Videos/sapien_robotics/install/sapien_robotics/lib/python3.10/site-packages'
[1.431s] Level 1:colcon.colcon_core.shell:create_environment_hook('sapien_robotics', 'pythonpath')
[1.431s] INFO:colcon.colcon_core.shell:Creating environment hook '/home/maninderjha/Videos/sapien_robotics/install/sapien_robotics/share/sapien_robotics/hook/pythonpath.ps1'
[1.432s] INFO:colcon.colcon_core.shell:Creating environment descriptor '/home/maninderjha/Videos/sapien_robotics/install/sapien_robotics/share/sapien_robotics/hook/pythonpath.dsv'
[1.432s] INFO:colcon.colcon_core.shell:Creating environment hook '/home/maninderjha/Videos/sapien_robotics/install/sapien_robotics/share/sapien_robotics/hook/pythonpath.sh'
[1.432s] Level 1:colcon.colcon_core.environment:checking '/home/maninderjha/Videos/sapien_robotics/install/sapien_robotics/bin'
[1.432s] Level 1:colcon.colcon_core.environment:create_environment_scripts_only(sapien_robotics)
[1.433s] INFO:colcon.colcon_core.shell:Creating package script '/home/maninderjha/Videos/sapien_robotics/install/sapien_robotics/share/sapien_robotics/package.ps1'
[1.433s] INFO:colcon.colcon_core.shell:Creating package descriptor '/home/maninderjha/Videos/sapien_robotics/install/sapien_robotics/share/sapien_robotics/package.dsv'
[1.434s] INFO:colcon.colcon_core.shell:Creating package script '/home/maninderjha/Videos/sapien_robotics/install/sapien_robotics/share/sapien_robotics/package.sh'
[1.434s] INFO:colcon.colcon_core.shell:Creating package script '/home/maninderjha/Videos/sapien_robotics/install/sapien_robotics/share/sapien_robotics/package.bash'
[1.435s] INFO:colcon.colcon_core.shell:Creating package script '/home/maninderjha/Videos/sapien_robotics/install/sapien_robotics/share/sapien_robotics/package.zsh'
[1.435s] Level 1:colcon.colcon_core.environment:create_file_with_runtime_dependencies(/home/maninderjha/Videos/sapien_robotics/install/sapien_robotics/share/colcon-core/packages/sapien_robotics)
[1.461s] DEBUG:colcon.colcon_core.event_handler.log_command:Invoked command in '/home/maninderjha/Videos/sapien_robotics/build/turtlebot_bringup' returned '0': CMAKE_PREFIX_PATH=${CMAKE_PREFIX_PATH}:/home/maninderjha/Videos/Ros2_Nav_SLAM/install/wormhole_implementation:/opt/ros/humble /usr/bin/cmake --build /home/maninderjha/Videos/sapien_robotics/build/turtlebot_bringup -- -j12 -l12
[1.476s] DEBUG:colcon.colcon_core.event_handler.log_command:Invoking command in '/home/maninderjha/Videos/sapien_robotics/build/turtlebot_bringup': CMAKE_PREFIX_PATH=${CMAKE_PREFIX_PATH}:/home/maninderjha/Videos/Ros2_Nav_SLAM/install/wormhole_implementation:/opt/ros/humble /usr/bin/cmake --install /home/maninderjha/Videos/sapien_robotics/build/turtlebot_bringup
[1.490s] Level 1:colcon.colcon_core.environment:create_environment_scripts_only(turtlebot_bringup)
[1.490s] Level 1:colcon.colcon_core.environment:checking '/home/maninderjha/Videos/sapien_robotics/install/turtlebot_bringup' for CMake module files
[1.491s] DEBUG:colcon.colcon_core.event_handler.log_command:Invoked command in '/home/maninderjha/Videos/sapien_robotics/build/turtlebot_bringup' returned '0': CMAKE_PREFIX_PATH=${CMAKE_PREFIX_PATH}:/home/maninderjha/Videos/Ros2_Nav_SLAM/install/wormhole_implementation:/opt/ros/humble /usr/bin/cmake --install /home/maninderjha/Videos/sapien_robotics/build/turtlebot_bringup
[1.491s] Level 1:colcon.colcon_core.environment:checking '/home/maninderjha/Videos/sapien_robotics/install/turtlebot_bringup' for CMake config files
[1.491s] Level 1:colcon.colcon_core.shell:create_environment_hook('turtlebot_bringup', 'cmake_prefix_path')
[1.491s] INFO:colcon.colcon_core.shell:Creating environment hook '/home/maninderjha/Videos/sapien_robotics/install/turtlebot_bringup/share/turtlebot_bringup/hook/cmake_prefix_path.ps1'
[1.492s] INFO:colcon.colcon_core.shell:Creating environment descriptor '/home/maninderjha/Videos/sapien_robotics/install/turtlebot_bringup/share/turtlebot_bringup/hook/cmake_prefix_path.dsv'
[1.492s] INFO:colcon.colcon_core.shell:Creating environment hook '/home/maninderjha/Videos/sapien_robotics/install/turtlebot_bringup/share/turtlebot_bringup/hook/cmake_prefix_path.sh'
[1.493s] Level 1:colcon.colcon_core.environment:checking '/home/maninderjha/Videos/sapien_robotics/install/turtlebot_bringup/bin'
[1.493s] Level 1:colcon.colcon_core.environment:checking '/home/maninderjha/Videos/sapien_robotics/install/turtlebot_bringup/lib/pkgconfig/turtlebot_bringup.pc'
[1.493s] Level 1:colcon.colcon_core.environment:checking '/home/maninderjha/Videos/sapien_robotics/install/turtlebot_bringup/lib/python3.10/site-packages'
[1.493s] Level 1:colcon.colcon_core.environment:checking '/home/maninderjha/Videos/sapien_robotics/install/turtlebot_bringup/bin'
[1.493s] INFO:colcon.colcon_core.shell:Creating package script '/home/maninderjha/Videos/sapien_robotics/install/turtlebot_bringup/share/turtlebot_bringup/package.ps1'
[1.494s] INFO:colcon.colcon_core.shell:Creating package descriptor '/home/maninderjha/Videos/sapien_robotics/install/turtlebot_bringup/share/turtlebot_bringup/package.dsv'
[1.494s] INFO:colcon.colcon_core.shell:Creating package script '/home/maninderjha/Videos/sapien_robotics/install/turtlebot_bringup/share/turtlebot_bringup/package.sh'
[1.495s] INFO:colcon.colcon_core.shell:Creating package script '/home/maninderjha/Videos/sapien_robotics/install/turtlebot_bringup/share/turtlebot_bringup/package.bash'
[1.495s] INFO:colcon.colcon_core.shell:Creating package script '/home/maninderjha/Videos/sapien_robotics/install/turtlebot_bringup/share/turtlebot_bringup/package.zsh'
[1.495s] Level 1:colcon.colcon_core.environment:create_file_with_runtime_dependencies(/home/maninderjha/Videos/sapien_robotics/install/turtlebot_bringup/share/colcon-core/packages/turtlebot_bringup)
[1.496s] Level 1:colcon.colcon_core.environment:create_environment_scripts_only(turtlebot_bringup)
[1.496s] Level 1:colcon.colcon_core.environment:checking '/home/maninderjha/Videos/sapien_robotics/install/turtlebot_bringup' for CMake module files
[1.496s] Level 1:colcon.colcon_core.environment:checking '/home/maninderjha/Videos/sapien_robotics/install/turtlebot_bringup' for CMake config files
[1.496s] Level 1:colcon.colcon_core.shell:create_environment_hook('turtlebot_bringup', 'cmake_prefix_path')
[1.497s] INFO:colcon.colcon_core.shell:Creating environment hook '/home/maninderjha/Videos/sapien_robotics/install/turtlebot_bringup/share/turtlebot_bringup/hook/cmake_prefix_path.ps1'
[1.497s] INFO:colcon.colcon_core.shell:Creating environment descriptor '/home/maninderjha/Videos/sapien_robotics/install/turtlebot_bringup/share/turtlebot_bringup/hook/cmake_prefix_path.dsv'
[1.498s] INFO:colcon.colcon_core.shell:Creating environment hook '/home/maninderjha/Videos/sapien_robotics/install/turtlebot_bringup/share/turtlebot_bringup/hook/cmake_prefix_path.sh'
[1.499s] Level 1:colcon.colcon_core.environment:checking '/home/maninderjha/Videos/sapien_robotics/install/turtlebot_bringup/bin'
[1.499s] Level 1:colcon.colcon_core.environment:checking '/home/maninderjha/Videos/sapien_robotics/install/turtlebot_bringup/lib/pkgconfig/turtlebot_bringup.pc'
[1.499s] Level 1:colcon.colcon_core.environment:checking '/home/maninderjha/Videos/sapien_robotics/install/turtlebot_bringup/lib/python3.10/site-packages'
[1.500s] Level 1:colcon.colcon_core.environment:checking '/home/maninderjha/Videos/sapien_robotics/install/turtlebot_bringup/bin'
[1.500s] INFO:colcon.colcon_core.shell:Creating package script '/home/maninderjha/Videos/sapien_robotics/install/turtlebot_bringup/share/turtlebot_bringup/package.ps1'
[1.501s] INFO:colcon.colcon_core.shell:Creating package descriptor '/home/maninderjha/Videos/sapien_robotics/install/turtlebot_bringup/share/turtlebot_bringup/package.dsv'
[1.501s] INFO:colcon.colcon_core.shell:Creating package script '/home/maninderjha/Videos/sapien_robotics/install/turtlebot_bringup/share/turtlebot_bringup/package.sh'
[1.501s] INFO:colcon.colcon_core.shell:Creating package script '/home/maninderjha/Videos/sapien_robotics/install/turtlebot_bringup/share/turtlebot_bringup/package.bash'
[1.502s] INFO:colcon.colcon_core.shell:Creating package script '/home/maninderjha/Videos/sapien_robotics/install/turtlebot_bringup/share/turtlebot_bringup/package.zsh'
[1.502s] Level 1:colcon.colcon_core.environment:create_file_with_runtime_dependencies(/home/maninderjha/Videos/sapien_robotics/install/turtlebot_bringup/share/colcon-core/packages/turtlebot_bringup)
[1.503s] DEBUG:colcon.colcon_parallel_executor.executor.parallel:closing loop
[1.503s] DEBUG:colcon.colcon_parallel_executor.executor.parallel:loop closed
[1.504s] DEBUG:colcon.colcon_parallel_executor.executor.parallel:run_until_complete finished with '0'
[1.504s] DEBUG:colcon.colcon_core.event_reactor:joining thread
[1.508s] INFO:colcon.colcon_core.plugin_system:Skipping extension 'colcon_notification.desktop_notification.terminal_notifier': Not used on non-Darwin systems
[1.508s] INFO:colcon.colcon_core.plugin_system:Skipping extension 'colcon_notification.desktop_notification.win32': Not used on non-Windows systems
[1.509s] INFO:colcon.colcon_notification.desktop_notification:Sending desktop notification using 'notify2'
[1.522s] DEBUG:colcon.colcon_core.event_reactor:joined thread
[1.523s] INFO:colcon.colcon_core.shell:Creating prefix script '/home/maninderjha/Videos/sapien_robotics/install/local_setup.ps1'
[1.524s] INFO:colcon.colcon_core.shell:Creating prefix util module '/home/maninderjha/Videos/sapien_robotics/install/_local_setup_util_ps1.py'
[1.525s] INFO:colcon.colcon_core.shell:Creating prefix chain script '/home/maninderjha/Videos/sapien_robotics/install/setup.ps1'
[1.527s] INFO:colcon.colcon_core.shell:Creating prefix script '/home/maninderjha/Videos/sapien_robotics/install/local_setup.sh'
[1.527s] INFO:colcon.colcon_core.shell:Creating prefix util module '/home/maninderjha/Videos/sapien_robotics/install/_local_setup_util_sh.py'
[1.528s] INFO:colcon.colcon_core.shell:Creating prefix chain script '/home/maninderjha/Videos/sapien_robotics/install/setup.sh'
[1.529s] INFO:colcon.colcon_core.shell:Creating prefix script '/home/maninderjha/Videos/sapien_robotics/install/local_setup.bash'
[1.530s] INFO:colcon.colcon_core.shell:Creating prefix chain script '/home/maninderjha/Videos/sapien_robotics/install/setup.bash'
[1.531s] INFO:colcon.colcon_core.shell:Creating prefix script '/home/maninderjha/Videos/sapien_robotics/install/local_setup.zsh'
[1.532s] INFO:colcon.colcon_core.shell:Creating prefix chain script '/home/maninderjha/Videos/sapien_robotics/install/setup.zsh'
